D:\PROJECTS\SOUNDSTRING\SS_FINAL (1.2.2)\SS\RELEASE\SS.PCH
D:\PROJECTS\SOUNDSTRING\SS_FINAL (1.2.2)\SS\RELEASE\STDAFX.OBJ
D:\PROJECTS\SOUNDSTRING\SS_FINAL (1.2.2)\SS\RELEASE\VC100.PDB
D:\PROJECTS\SOUNDSTRING\SS_FINAL (1.2.2)\SS\RELEASE\SOUND.OBJ
D:\PROJECTS\SOUNDSTRING\SS_FINAL (1.2.2)\SS\RELEASE\MAIN.OBJ
D:\PROJECTS\SOUNDSTRING\SS_FINAL (1.2.2)\SS\RELEASE\INIT.OBJ
D:\PROJECTS\SOUNDSTRING\SS_FINAL (1.2.2)\SS\RELEASE\GRAFICS.OBJ
D:\PROJECTS\SOUNDSTRING\SS_FINAL (1.2.2)\SS\RELEASE\GLELEMENTS_AND_TEXTURE.OBJ
D:\PROJECTS\SOUNDSTRING\SS_FINAL (1.2.2)\SS\RELEASE\FONT.OBJ
D:\PROJECTS\SOUNDSTRING\SS_FINAL (1.2.2)\SS\RELEASE\CONTROL.OBJ
D:\PROJECTS\SOUNDSTRING\SS_FINAL (1.2.2)\SS\RELEASE\CAMERA.OBJ
D:\PROJECTS\SOUNDSTRING\SS_FINAL\SS\RELEASE\SS.PCH
D:\PROJECTS\SOUNDSTRING\SS_FINAL\SS\RELEASE\STDAFX.OBJ
D:\PROJECTS\SOUNDSTRING\SS_FINAL\SS\RELEASE\VC100.PDB
D:\PROJECTS\SOUNDSTRING\SS_FINAL\SS\RELEASE\MAIN.OBJ
D:\PROJECTS\SOUNDSTRING\SS_FINAL\SS\RELEASE\SOUND.OBJ
D:\PROJECTS\SOUNDSTRING\SS_FINAL\SS\RELEASE\INIT.OBJ
D:\PROJECTS\SOUNDSTRING\SS_FINAL\SS\RELEASE\GRAFICS.OBJ
D:\PROJECTS\SOUNDSTRING\SS_FINAL\SS\RELEASE\GLELEMENTS_AND_TEXTURE.OBJ
D:\PROJECTS\SOUNDSTRING\SS_FINAL\SS\RELEASE\FONT.OBJ
D:\PROJECTS\SOUNDSTRING\SS_FINAL\SS\RELEASE\CONTROL.OBJ
D:\PROJECTS\SOUNDSTRING\SS_FINAL\SS\RELEASE\CAMERA.OBJ
D:\PROJECTS\SOUNDSTRING\SS_FINAL_PRESENTATION_VERSION\SS\RELEASE\SS.PCH
D:\PROJECTS\SOUNDSTRING\SS_FINAL_PRESENTATION_VERSION\SS\RELEASE\STDAFX.OBJ
D:\PROJECTS\SOUNDSTRING\SS_FINAL_PRESENTATION_VERSION\SS\RELEASE\VC110.PDB
D:\PROJECTS\SOUNDSTRING\SS_FINAL_PRESENTATION_VERSION\SS\RELEASE\SOUND.OBJ
D:\PROJECTS\SOUNDSTRING\SS_FINAL_PRESENTATION_VERSION\SS\RELEASE\MAIN.OBJ
D:\PROJECTS\SOUNDSTRING\SS_FINAL_PRESENTATION_VERSION\SS\RELEASE\INIT.OBJ
D:\PROJECTS\SOUNDSTRING\SS_FINAL_PRESENTATION_VERSION\SS\RELEASE\GRAFICS.OBJ
D:\PROJECTS\SOUNDSTRING\SS_FINAL_PRESENTATION_VERSION\SS\RELEASE\GLELEMENTS_AND_TEXTURE.OBJ
D:\PROJECTS\SOUNDSTRING\SS_FINAL_PRESENTATION_VERSION\SS\RELEASE\FONT.OBJ
D:\PROJECTS\SOUNDSTRING\SS_FINAL_PRESENTATION_VERSION\SS\RELEASE\CONTROL.OBJ
D:\PROJECTS\SOUNDSTRING\SS_FINAL_PRESENTATION_VERSION\SS\RELEASE\CAMERA.OBJ
D:\PROJECTS\SOUNDSTRING\SS_FINAL (1.2.2)\RELEASE\SS.EXE
D:\PROJECTS\SOUNDSTRING\SS_FINAL (1.2.2)\SS\RELEASE\SS.EXE.INTERMEDIATE.MANIFEST
D:\PROJECTS\SOUNDSTRING\SS_FINAL (1.2.2)\RELEASE\SS.PDB
D:\PROJECTS\SOUNDSTRING\SS_FINAL\RELEASE\SS.EXE
D:\PROJECTS\SOUNDSTRING\SS_FINAL\SS\RELEASE\SS.EXE.INTERMEDIATE.MANIFEST
D:\PROJECTS\SOUNDSTRING\SS_FINAL\RELEASE\SS.PDB
D:\PROJECTS\SOUNDSTRING\SS_FINAL (1.2.2)\SS\RELEASE\SS.RES
D:\PROJECTS\SOUNDSTRING\SS_FINAL\SS\RELEASE\SS.RES
D:\PROJECTS\SOUNDSTRING\SS_FINAL_PRESENTATION_VERSION\SS\RELEASE\SS.RES
D:\projects\SoundString\SS_Final_Presentation_Version\SS\Release\camera.obj
D:\projects\SoundString\SS_Final_Presentation_Version\SS\Release\Control.obj
D:\projects\SoundString\SS_Final_Presentation_Version\SS\Release\font.obj
D:\projects\SoundString\SS_Final_Presentation_Version\SS\Release\glelements_and_texture.obj
D:\projects\SoundString\SS_Final_Presentation_Version\SS\Release\Grafics.obj
D:\projects\SoundString\SS_Final_Presentation_Version\SS\Release\init.obj
D:\projects\SoundString\SS_Final_Presentation_Version\SS\Release\main.obj
D:\projects\SoundString\SS_Final_Presentation_Version\SS\Release\sound.obj
D:\projects\SoundString\SS_Final_Presentation_Version\SS\Release\stdafx.obj
D:\projects\SoundString\SS_Final_Presentation_Version\SS\Release\cl.command.1.tlog
D:\projects\SoundString\SS_Final_Presentation_Version\SS\Release\CL.read.1.tlog
D:\projects\SoundString\SS_Final_Presentation_Version\SS\Release\CL.write.1.tlog
D:\projects\SoundString\SS_Final_Presentation_Version\SS\Release\link-cvtres.read.1.tlog
D:\projects\SoundString\SS_Final_Presentation_Version\SS\Release\link-cvtres.write.1.tlog
D:\projects\SoundString\SS_Final_Presentation_Version\SS\Release\link.command.1.tlog
D:\projects\SoundString\SS_Final_Presentation_Version\SS\Release\link.read.1.tlog
D:\projects\SoundString\SS_Final_Presentation_Version\SS\Release\link.write.1.tlog
D:\projects\SoundString\SS_Final_Presentation_Version\SS\Release\mt.command.1.tlog
D:\projects\SoundString\SS_Final_Presentation_Version\SS\Release\mt.read.1.tlog
D:\projects\SoundString\SS_Final_Presentation_Version\SS\Release\mt.write.1.tlog
D:\projects\SoundString\SS_Final_Presentation_Version\SS\Release\rc.command.1.tlog
D:\projects\SoundString\SS_Final_Presentation_Version\SS\Release\rc.read.1.tlog
D:\projects\SoundString\SS_Final_Presentation_Version\SS\Release\rc.write.1.tlog
D:\projects\SoundString\SS_Final_Presentation_Version\SS\Release\SS.write.1.tlog
D:\projects\SoundString\SS_Final_Presentation_Version\SS\Release\SS.exe.intermediate.manifest
D:\projects\SoundString\SS_Final_Presentation_Version\SS\Release\SS.res
D:\projects\SoundString\SS_Final_Presentation_Version\SS\Release\SS.pch
D:\projects\SoundString\SS_Final_Presentation_Version\SS\Release\vc100.pdb
D:\projects\SoundString\SS_Final_Presentation_Version\SS\Release\vc110.pdb
D:\projects\SoundString\SS_Final_Presentation_Version\Release\SS.pdb
